Arguments: 
  /Users/bmcmahen/.nvm/versions/node/v9.11.1/bin/node /usr/local/Cellar/yarn/1.5.1_1/libexec/bin/yarn.js run dev

PATH: 
  /Users/bmcmahen/.gvm/bin:/Users/bmcmahen/.opam/4.02.3/bin:/Users/bmcmahen/.nvm/versions/node/v9.11.1/bin:/Users/bmcmahen/.opam/4.02.3/bin:~/Library/Android/sdk/tools:~/Library/Android/sdk/platform-tools:/usr/local/bin:/usr/bin:/bin:/usr/sbin:/sbin:/usr/local/go/bin:/opt/X11/bin:/Users/bmcmahen/.gvm/bin:~/Library/Android/sdk/tools:~/Library/Android/sdk/platform-tools:/usr/local/bin

Yarn version: 
  1.5.1

Node version: 
  9.11.1

Platform: 
  darwin x64

npm manifest: 
  {
    "name": "toasted-notes",
    "version": "1.0.0",
    "description": "Toast notifications for react",
    "main": "lib/index.js",
    "module": "es/index.js",
    "style": "umd/main.css",
    "files": [
      "css",
      "es",
      "lib",
      "umd"
    ],
    "scripts": {
      "build": "nwb build-react-component --copy-files",
      "clean": "nwb clean-module && nwb clean-demo",
      "start": "nwb serve-react-demo",
      "test": "nwb test-react",
      "test:coverage": "nwb test-react --coverage",
      "test:watch": "nwb test-react --server",
      "flow": "flow",
      "deploy": "gh-pages -d demo/dist"
    },
    "dependencies": {
      "react-transition-group": "^2.3.1"
    },
    "peerDependencies": {
      "react": "16.x",
      "react-dom": "^16.4.1"
    },
    "devDependencies": {
      "flow-bin": "^0.74.0",
      "gh-pages": "^1.2.0",
      "nwb": "0.21.x",
      "react": "^16.4.1",
      "react-dom": "^16.4.1"
    },
    "author": "Ben McMahen",
    "homepage": "https://github.com/bmcmahen/toasted-notes",
    "license": "MIT",
    "repository": "",
    "keywords": [
      "react-component"
    ]
  }

yarn manifest: 
  No manifest

Lockfile: 
  No lockfile

Trace: 
  Error: Command "dev" not found.
      at new MessageError (/usr/local/Cellar/yarn/1.5.1_1/libexec/lib/cli.js:186:110)
      at /usr/local/Cellar/yarn/1.5.1_1/libexec/lib/cli.js:87307:17
      at Generator.next (<anonymous>)
      at step (/usr/local/Cellar/yarn/1.5.1_1/libexec/lib/cli.js:98:30)
      at /usr/local/Cellar/yarn/1.5.1_1/libexec/lib/cli.js:116:14
      at new Promise (<anonymous>)
      at new F (/usr/local/Cellar/yarn/1.5.1_1/libexec/lib/cli.js:23451:28)
      at /usr/local/Cellar/yarn/1.5.1_1/libexec/lib/cli.js:95:12
      at runCommand (/usr/local/Cellar/yarn/1.5.1_1/libexec/lib/cli.js:87312:22)
      at Object.<anonymous> (/usr/local/Cellar/yarn/1.5.1_1/libexec/lib/cli.js:87412:14)
